"../../../../../../UnrealProjects/TopDown/Content/AdvancedLocomotionV4/Audio/Footsteps/Concrete_Pivot_01.uasset" 0
"../../../../../../UnrealProjects/TopDown/Content/AdvancedLocomotionV4/Audio/Footsteps/Concrete_Pivot_02.uasset" 1
"../../../../../../UnrealProjects/TopDown/Content/AdvancedLocomotionV4/Audio/Footsteps/Concrete_Step_01.uasset" 2
"../../../../../../UnrealProjects/TopDown/Content/AdvancedLocomotionV4/Audio/Footsteps/Concrete_Step_02.uasset" 3
"../../../../../../UnrealProjects/TopDown/Content/AdvancedLocomotionV4/Audio/Footsteps/Concrete_Step_03.uasset" 4
"../../../../../../UnrealProjects/TopDown/Content/AdvancedLocomotionV4/Audio/Footsteps/Concrete_Walk_01.uasset" 5
"../../../../../../UnrealProjects/TopDown/Content/AdvancedLocomotionV4/Audio/Footsteps/Concrete_Walk_02.uasset" 6
"../../../../../../UnrealProjects/TopDown/Content/AdvancedLocomotionV4/Audio/Footsteps/Concrete_Walk_03.uasset" 7
"../../../../../../UnrealProjects/TopDown/Content/AdvancedLocomotionV4/Audio/Footsteps/Concrete_Walk_04.uasset" 8
"../../../Engine/Content/EngineMaterials/T_Default_Material_Grid_M.uasset" 9
"../../../Engine/Content/EngineMaterials/T_Default_Material_Grid_N.uasset" 10
"../../../Engine/Content/Functions/Engine_MaterialFunctions01/Opacity/CameraDepthFade.uasset" 11
"../../../Engine/Content/EngineMaterials/WorldGridMaterial.uasset" 12
"../../../Engine/Content/ArtTools/RenderToTexture/Meshes/S_1_Unit_Plane.uasset" 13
"../../../Engine/Content/EngineMaterials/DefaultMaterial.uasset" 14
"../../../Engine/Content/BasicShapes/Cone.uasset" 15
"../../../Engine/Content/BasicShapes/Cube.uasset" 16
"../../../Engine/Content/BasicShapes/Plane.uasset" 17
"../../../Engine/Content/BasicShapes/Sphere.uasset" 18
"../../../Engine/Content/EditorLandscapeResources/DataLayer.uasset" 19
"../../../Engine/Content/EditorLandscapeResources/DefaultAlphaTexture.uasset" 20
"../../../Engine/Content/EditorMaterials/MAT_Groups_Toggle.uasset" 21
"../../../Engine/Content/EditorMaterials/MAT_Groups_Visibility.uasset" 22
"../../../Engine/Content/EditorMaterials/PreviewShadowIndicator.uasset" 23
"../../../Engine/Content/EditorMaterials/PreviewShadowIndicatorMaterial.uasset" 24
"../../../Engine/Content/EditorMaterials/MatineeGroups/MAT_ColorTrack.uasset" 25
"../../../Engine/Content/EditorMaterials/MatineeGroups/MAT_Groups_Anim.uasset" 26
"../../../Engine/Content/EditorMaterials/MatineeGroups/MAT_Groups_AudioMaster.uasset" 27
"../../../Engine/Content/EditorMaterials/MatineeGroups/MAT_Groups_Director.uasset" 28
"../../../Engine/Content/EditorMaterials/MatineeGroups/MAT_Groups_Event.uasset" 29
"../../../Engine/Content/EditorMaterials/MatineeGroups/MAT_Groups_Fade.uasset" 30
"../../../Engine/Content/EditorMaterials/MatineeGroups/MAT_Groups_Float.uasset" 31
"../../../Engine/Content/EditorMaterials/MatineeGroups/MAT_Groups_Move.uasset" 32
"../../../Engine/Content/EditorMaterials/MatineeGroups/MAT_Groups_Slomo.uasset" 33
"../../../Engine/Content/EditorMaterials/MatineeGroups/MAT_Groups_Sound.uasset" 34
"../../../Engine/Content/EditorMaterials/MatineeGroups/MAT_Groups_Vector.uasset" 35
"../../../Engine/Content/EditorMaterials/ParticleSystems/PSysThumbnail_NoImage.uasset" 36
"../../../Engine/Content/EditorMaterials/ParticleSystems/PSysThumbnail_OOD.uasset" 37
"../../../Engine/Content/EditorMaterials/Camera/CineMat.uasset" 38
"../../../Engine/Content/EditorMaterials/Camera/MI_CineMat_Rig.uasset" 39
"../../../Engine/Content/EditorMeshes/Camera/SM_CraneRig_Arm.uasset" 40
"../../../Engine/Content/EditorMeshes/Camera/SM_CraneRig_Base.uasset" 41
"../../../Engine/Content/EditorMeshes/Camera/SM_CraneRig_Body.uasset" 42
"../../../Engine/Content/EditorMeshes/Camera/SM_CraneRig_Mount.uasset" 43
"../../../Engine/Content/EditorMeshes/Camera/SM_RailRig_Mount.uasset" 44
"../../../Engine/Content/EditorMeshes/Camera/SM_RailRig_Track.uasset" 45
"../../../Engine/Content/EditorResources/BSPVertex.uasset" 46
"../../../Engine/Content/EditorResources/EmptyActor.uasset" 47
"../../../Engine/Content/EditorResources/S_Actor.uasset" 48
"../../../Engine/Content/EditorResources/S_Note.uasset" 49
"../../../Engine/Content/EditorResources/S_Solver.uasset" 50
"../../../Engine/Content/EditorResources/S_Terrain.uasset" 51
"../../../Engine/Content/EditorResources/S_Trigger.uasset" 52
"../../../Engine/Content/EditorResources/SequenceRecorder/Countdown.uasset" 53
"../../../Engine/Content/EditorResources/SequenceRecorder/RecordingIndicator.uasset" 54
"../../../Engine/Content/EngineDamageTypes/DmgTypeBP_Environmental.uasset" 55
"../../../Engine/Content/EngineDebugMaterials/DebugEditorMaterial.uasset" 56
"../../../Engine/Content/EngineDebugMaterials/DebugMeshMaterial.uasset" 57
"../../../Engine/Content/EngineDebugMaterials/M_SimpleUnlitTranslucent.uasset" 58
"../../../Engine/Content/EngineDebugMaterials/VolumeToRender.uasset" 59
"../../../Engine/Content/Functions/Engine_MaterialFunctions02/Utility/CameraDirectionVector.uasset" 60
"../../../Engine/Content/EngineDebugMaterials/M_VolumeRenderSphereTracePP.uasset" 61
"../../../Engine/Content/Functions/Engine_MaterialFunctions01/Shading/ConvertFromDiffSpec.uasset" 62
"../../../Engine/Content/EngineDebugMaterials/VertexColorMaterial.uasset" 63
"../../../Engine/Content/EngineDebugMaterials/WireframeMaterial.uasset" 64
"../../../Engine/Content/EngineFonts/Faces/RobotoRegular.uasset" 65
"../../../Engine/Content/EngineFonts/Faces/RobotoLight.uasset" 66
"../../../Engine/Content/EngineFonts/Faces/RobotoItalic.uasset" 67
"../../../Engine/Content/EngineFonts/Faces/RobotoBoldItalic.uasset" 68
"../../../Engine/Content/EngineFonts/Faces/RobotoBold.uasset" 69
"../../../Engine/Content/EngineFonts/Faces/DroidSansFallback.uasset" 70
"../../../Engine/Content/EngineFonts/Roboto.uasset" 71
"../../../Engine/Content/EngineMaterials/BaseFlattenNormalMap.uasset" 72
"../../../Engine/Content/EngineMaterials/BaseFlattenGrayscaleMap.uasset" 73
"../../../Engine/Content/EngineMaterials/BaseFlattenEmissiveMap.uasset" 74
"../../../Engine/Content/EngineMaterials/BaseFlattenDiffuseMap.uasset" 75
"../../../Engine/Content/EngineMaterials/BaseFlattenMaterial.uasset" 76
"../../../Engine/Content/EngineMaterials/BlueNoise.uasset" 77
"../../../Engine/Content/EngineMaterials/DefaultBloomKernel.uasset" 78
"../../../Engine/Content/EngineMaterials/DefaultBokeh.uasset" 79
"../../../Engine/Content/EngineMaterials/DefaultDiffuse.uasset" 80
"../../../Engine/Content/EngineMaterials/DefaultDeferredDecalMaterial.uasset" 81
"../../../Engine/Content/EngineMaterials/DefaultLightFunctionMaterial.uasset" 82
"../../../Engine/Content/EngineMaterials/DefaultPhysicalMaterial.uasset" 83
"../../../Engine/Content/Functions/Engine_MaterialFunctions02/Utility/BreakOutFloat2Components.uasset" 84
"../../../Engine/Content/EngineMaterials/DefaultPostProcessMaterial.uasset" 85
"../../../Engine/Content/EngineFonts/RobotoDistanceField.uasset" 86
"../../../Engine/Content/EngineMaterials/DefaultTextMaterialOpaque.uasset" 87
"../../../Engine/Content/EngineMaterials/DefaultWhiteGrid.uasset" 88
"../../../Engine/Content/EngineMaterials/DefaultWhiteGrid_Low.uasset" 89
"../../../Engine/Content/EngineMaterials/EmissiveMeshMaterial.uasset" 90
"../../../Engine/Content/EngineMaterials/GizmoMaterial.uasset" 91
"../../../Engine/Content/EngineMaterials/MiniFont.uasset" 92
"../../../Engine/Content/EngineMaterials/InvalidLightmapSettings.uasset" 93
"../../../Engine/Content/EngineMaterials/M_InvalidLightmapSettings.uasset" 94
"../../../Engine/Content/Functions/Engine_MaterialFunctions02/WorldPositionOffset/CameraOffset.uasset" 95
"../../../Engine/Content/EngineMaterials/PhAT_JointLimitMaterial.uasset" 96
"../../../Engine/Content/EngineMaterials/PreintegratedSkinBRDF.uasset" 97
"../../../Engine/Content/EngineMaterials/RemoveSurfaceMaterial.uasset" 98
"../../../Engine/Content/EngineMaterials/WeightMapPlaceholderTexture.uasset" 99
"../../../Engine/Content/EngineResources/WhiteSquareTexture.uasset" 100
"../../../Engine/Content/EngineMaterials/Widget3DPassThrough.uasset" 101
"../../../Engine/Content/EngineMaterials/Widget3DPassThrough_Masked.uasset" 102
"../../../Engine/Content/EngineMaterials/Widget3DPassThrough_Opaque.uasset" 103
"../../../Engine/Content/EngineMaterials/Widget3DPassThrough_Masked_OneSided.uasset" 104
"../../../Engine/Content/EngineMaterials/Widget3DPassThrough_Opaque_OneSided.uasset" 105
"../../../Engine/Content/EngineMaterials/Widget3DPassThrough_Translucent.uasset" 106
"../../../Engine/Content/EngineMaterials/Widget3DPassThrough_Translucent_OneSided.uasset" 107
"../../../Engine/Content/EngineMeshes/Cylinder.uasset" 108
"../../../Engine/Content/EngineMeshes/Sphere.uasset" 109
"../../../Engine/Content/EngineResources/Black.uasset" 110
"../../../Engine/Content/EngineResources/DefaultTextureCube.uasset" 111
"../../../Engine/Content/EngineResources/DefaultVolumeTexture2D.uasset" 112
"../../../Engine/Content/EngineResources/DefaultVolumeTexture.uasset" 113
"../../../Engine/Content/EngineResources/GradientTexture0.uasset" 114
"../../../Engine/Content/EngineSky/VolumetricClouds/T_NoiseShape64.uasset" 115
"../../../Engine/Content/EngineSky/VolumetricClouds/T_VolumeNoiseShape64.uasset" 116
"../../../Engine/Content/EngineSky/VolumetricClouds/T_NoiseErosion.uasset" 117
"../../../Engine/Content/EngineSky/VolumetricClouds/T_VolumeNoiseErosion32.uasset" 118
"../../../Engine/Content/EngineSky/VolumetricClouds/CloudWeatherTexture.uasset" 119
"../../../Engine/Content/EngineSky/VolumetricClouds/CloudGradientTexture.uasset" 120
"../../../Engine/Content/Functions/Engine_MaterialFunctions02/Utility/MakeFloat2.uasset" 121
"../../../Engine/Content/EngineSky/VolumetricClouds/m_SimpleVolumetricCloud.uasset" 122
"../../../Engine/Content/EngineSky/VolumetricClouds/m_SimpleVolumetricCloud_Inst.uasset" 123
"../../../Engine/Content/EngineSounds/Master.uasset" 124
"../../../Engine/Content/Functions/Engine_MaterialFunctions01/Shading/PowerToRoughness.uasset" 125
"../../../Engine/Content/Maps/Templates/Thumbnails/Default.uasset" 126
"../../../Engine/Content/Maps/Templates/Thumbnails/TimeOfDay.uasset" 127
"../../../Engine/Content/Maps/Templates/Thumbnails/VR-Basic.uasset" 128
"../../../Engine/Content/MobileResources/T_MobileControls_texture.uasset" 129
"../../../Engine/Content/MobileResources/T_MobileMenu2.uasset" 130
"../../../Engine/Content/MobileResources/HUD/AnalogHat.uasset" 131
"../../../Engine/Content/MobileResources/HUD/VirtualJoystick_Thumb.uasset" 132
"../../../Engine/Content/MobileResources/HUD/VirtualJoystick_Background.uasset" 133
"../../../Engine/Content/MobileResources/HUD/DefaultVirtualJoysticks.uasset" 134
"../../../Engine/Content/MobileResources/HUD/LeftVirtualJoystickOnly.uasset" 135
"../../../Engine/Content/MobileResources/HUD/MobileHUDButton1_off.uasset" 136
"../../../Engine/Content/MobileResources/HUD/MobileHUDButton1_on.uasset" 137
"../../../Engine/Content/MobileResources/HUD/MobileHUDButton2_off.uasset" 138
"../../../Engine/Content/MobileResources/HUD/MobileHUDButton2_on.uasset" 139
"../../../Engine/Content/MobileResources/HUD/MobileHUDButton3.uasset" 140
"../../../Engine/Content/MobileResources/HUD/MobileHUDButtonFire.uasset" 141
"../../../Engine/Content/MobileResources/HUD/MobileHUDDirectionPad.uasset" 142
"../../../Engine/Content/MobileResources/HUD/MobileHUDDirectionPad2.uasset" 143
"../../../Engine/Content/MobileResources/HUD/MobileHUDDirectionPad3.uasset" 144
"../../../Engine/Content/MobileResources/HUD/MobileHUDDirectionStick.uasset" 145
"../../../Engine/Content/MobileResources/HUD/T_Castle_ThumbstickInner.uasset" 146
"../../../Engine/Content/MobileResources/HUD/T_Castle_ThumbstickOutter.uasset" 147
"../../../Engine/Content/Tutorial/ContentIntroCurve.uasset" 148
"../../../Engine/Content/Tutorial/Basics/LevelEditorAttract.uasset" 149
"../../../Engine/Content/Tutorial/Basics/TutorialAssets/icon_tab_Levels_40x.uasset" 150
"../../../Engine/Content/Tutorial/Basics/LevelEditorOverview.uasset" 151
"../../../Engine/Content/Tutorial/BlueprintTutorials/TutorialAssets/Blueprint_64x.uasset" 152
"../../../Engine/Content/Tutorial/BlueprintTutorials/BlueprintEditorTutorial.uasset" 153
"../../../Engine/Content/Tutorial/SubEditors/GettingSubstance.uasset" 154
"../../../Engine/Content/VREditor/TransformGizmo/TranslucentTransformGizmoMaterial.uasset" 155
"../../../Engine/Content/VREditor/LaserPointer/VR_LaserPower_01.uasset" 156
"../../../Engine/Content/VREditor/TransformGizmo/TransformGizmoMaterial.uasset" 157
"../../../Engine/Content/VREditor/TransformGizmo/BoundingBoxCorner.uasset" 158
"../../../Engine/Content/VREditor/TransformGizmo/BoundingBoxEdge.uasset" 159
"../../../Engine/Content/VREditor/TransformGizmo/PlaneTranslationHandle.uasset" 160
"../../../Engine/Content/VREditor/TransformGizmo/Xray.uasset" 161
"../../../Engine/Content/VREditor/TransformGizmo/Main.uasset" 162
"../../../Engine/Content/VREditor/TransformGizmo/SM_Sequencer_Key.uasset" 163
"../../../Engine/Content/VREditor/TransformGizmo/SM_Sequencer_Node.uasset" 164
"../../Plugins/2D/Paper2D/Content/PlaceholderTextures/DummySpriteTexture.uasset" 165
"../../Plugins/2D/Paper2D/Content/DummySprite.uasset" 166
"../../Plugins/2D/Paper2D/Content/DefaultPaperTerrainMaterial.uasset" 167
"../../Plugins/2D/Paper2D/Content/DefaultSpriteMaterial.uasset" 168
"../../Plugins/2D/Paper2D/Content/MaskedUnlitSpriteMaterial.uasset" 169
"../../Plugins/2D/Paper2D/Content/OpaqueUnlitSpriteMaterial.uasset" 170
"../../../Engine/Content/BasicShapes/Cylinder.uasset" 171
"../../../Engine/Content/ArtTools/RenderToTexture/Materials/Debug/M_Emissive_Color.uasset" 172
"../../Plugins/Lumin/MagicLeapPassableWorld/Content/MagicLeapARPinInfoActor.uasset" 173
"../../../Engine/Content/Functions/Engine_MaterialFunctions02/Utility/BreakOutFloat3Components.uasset" 174
"../../Plugins/Editor/SpeedTreeImporter/Content/SpeedTree9/UnpackInteger3.uasset" 175
"../../Plugins/Editor/SpeedTreeImporter/Content/SpeedTree9/UnpackDirection.uasset" 176
"../../Plugins/Editor/SpeedTreeImporter/Content/SpeedTree9/game_wind_noise.uasset" 177
"../../../Engine/Content/Functions/Engine_MaterialFunctions02/SafeNormalize.uasset" 178
"../../Plugins/Editor/SpeedTreeImporter/Content/SpeedTree9/SpeedTreeWindMotion.uasset" 179
"../../Plugins/Editor/SpeedTreeImporter/Content/SpeedTree9/SpeedTreeBranchMotion.uasset" 180
"../../../Engine/Content/Functions/Engine_MaterialFunctions02/ObjectLocalBounds.uasset" 181
"../../../Engine/Content/Functions/Engine_MaterialFunctions02/UVs/BoundingBoxBased_0-1_UVW.uasset" 182
"../../Plugins/Editor/SpeedTreeImporter/Content/SpeedTree9/SpeedTreeWind.uasset" 183
"../../Plugins/Editor/SpeedTreeImporter/Content/SpeedTree9/SpeedTreeBillboard.uasset" 184
"../../../Engine/Content/EngineResources/DefaultTexture.uasset" 185
"../../Plugins/Editor/SpeedTreeImporter/Content/SpeedTree9/SpeedTreeBillboardMaster.uasset" 186
"../../Plugins/Editor/SpeedTreeImporter/Content/SpeedTree9/SpeedTreeCameraFacing.uasset" 187
"../../Plugins/Editor/SpeedTreeImporter/Content/SpeedTree9/SpeedTreeMaster.uasset" 188
"../../../Engine/Content/Functions/Engine_MaterialFunctions02/Utility/BreakOutFloat4Components.uasset" 189
"../../../Engine/Content/Functions/Engine_MaterialFunctions02/Utility/MakeFloat3.uasset" 190
"../../Plugins/Runtime/Oculus/OculusVR/Content/Materials/OculusMR_ChromaKey.uasset" 191
"../../Plugins/Runtime/Oculus/OculusVR/Content/Materials/OculusMR_OpaqueColoredMaterial.uasset" 192
"../../Plugins/Runtime/Oculus/OculusVR/Content/Materials/PokeAHoleMaterial.uasset" 193
"../../../../../../UnrealProjects/TopDown/Content/StarterContent/Materials/M_Basic_Floor.uasset" 194
"../../../../../../UnrealProjects/TopDown/Content/StarterContent/Architecture/Floor_400x400.uasset" 195
"../../../../../../UnrealProjects/TopDown/Content/IndustryPropsPack6/Textures/T_WaterTank01_SRM.uasset" 196
"../../../../../../UnrealProjects/TopDown/Content/IndustryPropsPack6/Textures/T_WaterTank01_N.uasset" 197
"../../../../../../UnrealProjects/TopDown/Content/IndustryPropsPack6/Textures/T_WaterTank01_D.uasset" 198
"../../../Engine/Content/Functions/Engine_MaterialFunctions02/Utility/BlendAngleCorrectedNormals.uasset" 199
"../../../Engine/Content/Functions/Engine_MaterialFunctions02/Texturing/ScreenAlignedPixelToPixelUVs.uasset" 200
"../../../Engine/Content/Functions/Engine_MaterialFunctions02/HueShift.uasset" 201
"../../../Engine/Content/EngineDebugMaterials/HeatmapGradient.uasset" 202
"../../../Engine/Content/Functions/Engine_MaterialFunctions01/ImageAdjustment/CheapContrast_RGB.uasset" 203
"../../../Engine/Content/Functions/Engine_MaterialFunctions01/ImageAdjustment/BlurSampleOffsets.uasset" 204
"../../../../../../UnrealProjects/TopDown/Content/IndustryPropsPack6/Textures/BaseTextures/T_MASK2.uasset" 205
"../../../../../../UnrealProjects/TopDown/Content/IndustryPropsPack6/Textures/BaseTextures/T_MASK1.uasset" 206
"../../../../../../UnrealProjects/TopDown/Content/IndustryPropsPack6/Textures/BaseTextures/BG_D.uasset" 207
"../../../../../../UnrealProjects/TopDown/Content/IndustryPropsPack6/Textures/BaseTextures/BB_D.uasset" 208
"../../../../../../UnrealProjects/TopDown/Content/IndustryPropsPack6/Textures/BaseTextures/B_N.uasset" 209
"../../../Engine/Content/EngineMaterials/Good64x64TilingNoiseHighFreq.uasset" 210
"../../../Engine/Content/Functions/Engine_MaterialFunctions02/Utility/DitherTemporalAA.uasset" 211
"../../../../../../UnrealProjects/TopDown/Content/IndustryPropsPack6/Materials/BaseMaterial/M_base.uasset" 212
"../../../../../../UnrealProjects/TopDown/Content/IndustryPropsPack6/Materials/MI_WaterTank01.uasset" 213
"../../../../../../UnrealProjects/TopDown/Content/IndustryPropsPack6/Meshes/SM_WaterTank01.uasset" 214
"../../../../../../UnrealProjects/TopDown/Content/IndustryPropsPack6/Textures/T_TrafficBarrel01_SRM.uasset" 215
"../../../../../../UnrealProjects/TopDown/Content/IndustryPropsPack6/Textures/T_TrafficBarrel01_N.uasset" 216
"../../../../../../UnrealProjects/TopDown/Content/IndustryPropsPack6/Textures/T_TrafficBarrel01_D.uasset" 217
"../../../../../../UnrealProjects/TopDown/Content/IndustryPropsPack6/Materials/MI_TrafficBarrel01_1.uasset" 218
"../../../../../../UnrealProjects/TopDown/Content/IndustryPropsPack6/Meshes/SM_TrafficBarrel01.uasset" 219
"../../../../../../UnrealProjects/TopDown/Content/IndustryPropsPack6/Textures/T_Tarp01_SRM.uasset" 220
"../../../../../../UnrealProjects/TopDown/Content/IndustryPropsPack6/Textures/T_Tarp01_N.uasset" 221
"../../../../../../UnrealProjects/TopDown/Content/IndustryPropsPack6/Textures/T_Tarp01_D.uasset" 222
"../../../../../../UnrealProjects/TopDown/Content/IndustryPropsPack6/Materials/MI_Tarp01_1.uasset" 223
"../../../../../../UnrealProjects/TopDown/Content/IndustryPropsPack6/Meshes/SM_Tarp02.uasset" 224
"../../../../../../UnrealProjects/TopDown/Content/IndustryPropsPack6/Textures/T_Box01_SRM.uasset" 225
"../../../../../../UnrealProjects/TopDown/Content/IndustryPropsPack6/Textures/T_Box01_N.uasset" 226
"../../../../../../UnrealProjects/TopDown/Content/IndustryPropsPack6/Textures/T_Box01_D.uasset" 227
"../../../../../../UnrealProjects/TopDown/Content/IndustryPropsPack6/Materials/MI_Box01_2.uasset" 228
"../../../../../../UnrealProjects/TopDown/Content/IndustryPropsPack6/Meshes/SM_Pallet01.uasset" 229
"../../../../../../UnrealProjects/TopDown/Content/IndustryPropsPack6/Textures/T_Cartonbox01_SRM.uasset" 230
"../../../../../../UnrealProjects/TopDown/Content/IndustryPropsPack6/Textures/T_Cartonbox01_N.uasset" 231
"../../../../../../UnrealProjects/TopDown/Content/IndustryPropsPack6/Textures/T_Cartonbox01_D.uasset" 232
"../../../../../../UnrealProjects/TopDown/Content/IndustryPropsPack6/Materials/MI_Cartonbox01_1.uasset" 233
"../../../../../../UnrealProjects/TopDown/Content/IndustryPropsPack6/Meshes/SM_CartonGarbage09.uasset" 234
"../../../../../../UnrealProjects/TopDown/Content/IndustryPropsPack6/Meshes/SM_Box01.uasset" 235
"../../../../../../UnrealProjects/TopDown/Content/Fences/Textures/Fences/T_fence_square_big_AO.uasset" 236
"../../../../../../UnrealProjects/TopDown/Content/Fences/Textures/Fences/T_fence_square_big_D.uasset" 237
"../../../../../../UnrealProjects/TopDown/Content/Fences/Textures/Fences/T_fence_square_big_MT.uasset" 238
"../../../../../../UnrealProjects/TopDown/Content/Fences/Textures/Fences/T_fence_square_big_N.uasset" 239
"../../../../../../UnrealProjects/TopDown/Content/Fences/Materials/Fences/M_fence_square_big_crete.uasset" 240
"../../../../../../UnrealProjects/TopDown/Content/Fences/Materials/Fences/M_fence_square_big_mtl.uasset" 241
"../../../../../../UnrealProjects/TopDown/Content/Fences/Meshes/Fences/SM_fence_square_big.uasset" 242
"../../../../../../UnrealProjects/TopDown/Content/Maps/M_Shiny.uasset" 243
"../../../../../../UnrealProjects/TopDown/Content/MilitaryWeapSilver/Weapons/Pistols_A_Skeleton.uasset" 244
"../../../../../../UnrealProjects/TopDown/Content/MilitaryWeapSilver/Weapons/Pistols_A_PhysicsAsset.uasset" 245
"../../../../../../UnrealProjects/TopDown/Content/MilitaryWeapSilver/Weapons/Textures/Pistols_A_Norm.uasset" 246
"../../../../../../UnrealProjects/TopDown/Content/MilitaryWeapSilver/Weapons/Textures/Pistols_A_Masks.uasset" 247
"../../../../../../UnrealProjects/TopDown/Content/MilitaryWeapSilver/Weapons/Textures/Pistols_A_Diff.uasset" 248
"../../../../../../UnrealProjects/TopDown/Content/MilitaryWeapSilver/Weapons/Textures/Assault_Rifle_A_Norm.uasset" 249
"../../../../../../UnrealProjects/TopDown/Content/MilitaryWeapSilver/Weapons/Textures/Assault_Rifle_A_masks.uasset" 250
"../../../../../../UnrealProjects/TopDown/Content/MilitaryWeapSilver/Weapons/Textures/Assault_Rifle_A_Diff.uasset" 251
"../../../../../../UnrealProjects/TopDown/Content/MilitaryWeapSilver/Weapons/Materials/M_WeaponMaster_01.uasset" 252
"../../../../../../UnrealProjects/TopDown/Content/MilitaryWeapSilver/Weapons/Materials/M_Pistol_01.uasset" 253
"../../../../../../UnrealProjects/TopDown/Content/MilitaryWeapSilver/Weapons/Pistols_A.uasset" 254
"../../../../../../UnrealProjects/TopDown/Content/MilitaryWeapSilver/Sound/Pistol/Wavs/PistolA_Fire_ST06.uasset" 255
"../../../../../../UnrealProjects/TopDown/Content/MilitaryWeapSilver/Sound/Pistol/Wavs/PistolA_Fire_ST05.uasset" 256
"../../../../../../UnrealProjects/TopDown/Content/MilitaryWeapSilver/Sound/Pistol/Wavs/PistolA_Fire_ST04.uasset" 257
"../../../../../../UnrealProjects/TopDown/Content/MilitaryWeapSilver/Sound/Pistol/Wavs/PistolA_Fire_ST03.uasset" 258
"../../../../../../UnrealProjects/TopDown/Content/MilitaryWeapSilver/Sound/Pistol/Wavs/PistolA_Fire_ST02.uasset" 259
"../../../../../../UnrealProjects/TopDown/Content/MilitaryWeapSilver/Sound/Pistol/Wavs/PistolA_Fire_ST01.uasset" 260
"../../../../../../UnrealProjects/TopDown/Content/MilitaryWeapSilver/Sound/Pistol/Wavs/PistolA_Fire06.uasset" 261
"../../../../../../UnrealProjects/TopDown/Content/MilitaryWeapSilver/Sound/Pistol/Wavs/PistolA_Fire05.uasset" 262
"../../../../../../UnrealProjects/TopDown/Content/MilitaryWeapSilver/Sound/Pistol/Wavs/PistolA_Fire04.uasset" 263
"../../../../../../UnrealProjects/TopDown/Content/MilitaryWeapSilver/Sound/Pistol/Wavs/PistolA_Fire03.uasset" 264
"../../../../../../UnrealProjects/TopDown/Content/MilitaryWeapSilver/Sound/Pistol/Wavs/PistolA_Fire02.uasset" 265
"../../../../../../UnrealProjects/TopDown/Content/MilitaryWeapSilver/Sound/Pistol/Wavs/PistolA_Fire01.uasset" 266
"../../../../../../UnrealProjects/TopDown/Content/MilitaryWeapSilver/Sound/Attenuation/WeaponShot_att.uasset" 267
"../../../../../../UnrealProjects/TopDown/Content/MilitaryWeapSilver/Sound/Pistol/Cues/PistolA_Fire_Cue.uasset" 268
"../../../Engine/Content/Functions/MaterialLayerFunctions/MatLayerBlend_AO.uasset" 269
"../../../Engine/Content/Functions/MaterialLayerFunctions/MatLayerBlend_Simple.uasset" 270
"../../../../../../UnrealProjects/TopDown/Content/AnimStarterPack/UE4_Mannequin/Materials/MaterialLayers/T_ML_Rubber_Blue_01_D.uasset" 271
"../../../../../../UnrealProjects/TopDown/Content/AnimStarterPack/UE4_Mannequin/Materials/MaterialLayers/T_ML_Rubber_Blue_01_N.uasset" 272
"../../../../../../UnrealProjects/TopDown/Content/AnimStarterPack/UE4_Mannequin/Materials/MaterialLayers/ML_GlossyBlack_Latex_UE4.uasset" 273
"../../../../../../UnrealProjects/TopDown/Content/AnimStarterPack/UE4_Mannequin/Materials/MaterialLayers/ML_Plastic_Shiny_Beige.uasset" 274
"../../../Engine/Content/Functions/MaterialLayerFunctions/MatLayerBlend_NormalBlend.uasset" 275
"../../../../../../UnrealProjects/TopDown/Content/AnimStarterPack/UE4_Mannequin/Materials/MaterialLayers/T_ML_Aluminum01.uasset" 276
"../../../../../../UnrealProjects/TopDown/Content/AnimStarterPack/UE4_Mannequin/Materials/MaterialLayers/T_ML_Aluminum01_N.uasset" 277
"../../../../../../UnrealProjects/TopDown/Content/AnimStarterPack/UE4_Mannequin/Materials/MaterialLayers/ML_SoftMetal_UE4.uasset" 278
"../../../../../../UnrealProjects/TopDown/Content/AnimStarterPack/UE4_Mannequin/Textures/UE4_Mannequin__normals.uasset" 279
"../../../../../../UnrealProjects/TopDown/Content/AnimStarterPack/UE4_Mannequin/Textures/UE4_Mannequin_MAT_MASKA.uasset" 280
"../../../../../../UnrealProjects/TopDown/Content/AnimStarterPack/UE4_Mannequin/Textures/UE4_Mannequin_occlusion_Mobile.uasset" 281
"../../../../../../UnrealProjects/TopDown/Content/AnimStarterPack/UE4_Mannequin/Textures/UE4_LOGO_CARD.uasset" 282
"../../../../../../UnrealProjects/TopDown/Content/AnimStarterPack/UE4_Mannequin/Materials/MaterialLayers/ML_Plastic_Shiny_Beige_LOGO.uasset" 283
"../../../../../../UnrealProjects/TopDown/Content/AnimStarterPack/UE4_Mannequin/Materials/M_UE4Man_Body.uasset" 284
"../../../../../../UnrealProjects/TopDown/Content/AnimStarterPack/UE4_Mannequin/Textures/UE4Man_Logo_N.uasset" 285
"../../../../../../UnrealProjects/TopDown/Content/AnimStarterPack/UE4_Mannequin/Materials/M_UE4Man_ChestLogo.uasset" 286
"../../../../../../UnrealProjects/TopDown/Content/AnimStarterPack/UE4_Mannequin/Mesh/SK_Mannequin_PhysicsAsset.uasset" 287
"../../../../../../UnrealProjects/TopDown/Content/AnimStarterPack/UE4_Mannequin/Mesh/UE4_Mannequin_Skeleton.uasset" 288
"../../../../../../UnrealProjects/TopDown/Content/AnimStarterPack/UE4_Mannequin/Mesh/SK_Mannequin.uasset" 289
"../../../../../../UnrealProjects/TopDown/Content/MilitaryWeapSilver/FX/Materials/M_Tracer_A.uasset" 290
"../../../../../../UnrealProjects/TopDown/Content/MilitaryWeapSilver/FX/Meshes/St_Tracer_A.uasset" 291
"../../../../../../UnrealProjects/TopDown/Content/MilitaryWeapSilver/FX/Textures/T_SmokeRibbon_01.uasset" 292
"../../../../../../UnrealProjects/TopDown/Content/MilitaryWeapSilver/FX/Materials/M_SmokeRibbon_01.uasset" 293
"../../../../../../UnrealProjects/TopDown/Content/MilitaryWeapSilver/FX/P_AssaultRifle_Tracer_01.uasset" 294
"../../../../../../UnrealProjects/TopDown/Content/MilitaryWeapSilver/FX/Textures/T_Rock_Normal_01.uasset" 295
"../../../../../../UnrealProjects/TopDown/Content/MilitaryWeapSilver/FX/Materials/M_RockMesh_01.uasset" 296
"../../../../../../UnrealProjects/TopDown/Content/MilitaryWeapSilver/FX/Meshes/St_Rock_01.uasset" 297
"../../../../../../UnrealProjects/TopDown/Content/MilitaryWeapSilver/FX/Textures/T_Spherical_NormalMap_01.uasset" 298
"../../../../../../UnrealProjects/TopDown/Content/MilitaryWeapSilver/FX/Textures/T_Smoke_8x8_B_01.uasset" 299
"../../../../../../UnrealProjects/TopDown/Content/MilitaryWeapSilver/FX/Materials/M_Smoke_8x8_B_01.uasset" 300
"../../../../../../UnrealProjects/TopDown/Content/MilitaryWeapSilver/FX/Textures/T_RockSmall_01.uasset" 301
"../../../../../../UnrealProjects/TopDown/Content/MilitaryWeapSilver/FX/Materials/M_RockSmall_01.uasset" 302
"../../../../../../UnrealProjects/TopDown/Content/MilitaryWeapSilver/FX/P_Impact_Stone_Large_01.uasset" 303
"../../../../../../UnrealProjects/TopDown/Content/MilitaryWeapSilver/Weapons/Materials/M_AssaultRifle_01.uasset" 304
"../../../../../../UnrealProjects/TopDown/Content/MilitaryWeapSilver/Weapons/AssaultRifleA_Ammo.uasset" 305
"../../../../../../UnrealProjects/TopDown/Content/Blueprints/BP_Bullet.uasset" 306
"../../../../../../UnrealProjects/TopDown/Content/AnimStarterPack/Reload_Pistol.uasset" 307
"../../../../../../UnrealProjects/TopDown/Content/AnimStarterPack/Reload_Pistol_Montage.uasset" 308
"../../../../../../UnrealProjects/TopDown/Content/AnimStarterPack/Equip_Rifle_Standing.uasset" 309
"../../../../../../UnrealProjects/TopDown/Content/AnimStarterPack/Equip_Rifle_Standing_Montage.uasset" 310
"../../../Engine/Content/Animation/DefaultAnimCurveCompressionSettings.uasset" 311
"../../../Engine/Content/Animation/DefaultAnimBoneCompressionSettings.uasset" 312
"../../../../../../UnrealProjects/TopDown/Content/AnimStarterPack/ALS/MOB1_Stand_Relaxed_Idle_v2_IPC.uasset" 313
"../../../../../../UnrealProjects/TopDown/Content/AnimStarterPack/Jump_From_Stand.uasset" 314
"../../../../../../UnrealProjects/TopDown/Content/AnimStarterPack/Jump_From_Jog.uasset" 315
"../../../../../../UnrealProjects/TopDown/Content/AnimStarterPack/Idle_Rifle_Hip.uasset" 316
"../../../../../../UnrealProjects/TopDown/Content/AnimStarterPack/Idle_Pistol.uasset" 317
"../../../../../../UnrealProjects/TopDown/Content/AnimStarterPack/Crouch_Idle_Rifle_Hip.uasset" 318
"../../../../../../UnrealProjects/TopDown/Content/AnimStarterPack/Jog_Rt_Rifle.uasset" 319
"../../../../../../UnrealProjects/TopDown/Content/AnimStarterPack/Jog_Lt_Rifle.uasset" 320
"../../../../../../UnrealProjects/TopDown/Content/AnimStarterPack/Jog_Fwd_Rifle.uasset" 321
"../../../../../../UnrealProjects/TopDown/Content/AnimStarterPack/Jog_Bwd_Rifle.uasset" 322
"../../../../../../UnrealProjects/TopDown/Content/AnimStarterPack/BS_Jog_Backup.uasset" 323
"../../../../../../UnrealProjects/TopDown/Content/AdvancedLocomotionV4/Data/Enums/FootstepType.uasset" 324
"../../../Engine/Content/EditorBlueprintResources/StandardMacros.uasset" 325
"../../../../../../UnrealProjects/TopDown/Content/AdvancedLocomotionV4/Audio/Footsteps/Concrete_Walk_05.uasset" 326
"../../../../../../UnrealProjects/TopDown/Content/AdvancedLocomotionV4/Audio/Footsteps/Footstep_Cue.uasset" 327
"../../../../../../UnrealProjects/TopDown/Content/AdvancedLocomotionV4/Blueprints/AnimNotifys/Footstep_AnimNotify.uasset" 328
"../../../../../../UnrealProjects/TopDown/Content/AnimStarterPack/ALS/ALS_N_Run_RF.uasset" 329
"../../../../../../UnrealProjects/TopDown/Content/AnimStarterPack/ALS/ALS_N_Run_LF.uasset" 330
"../../../../../../UnrealProjects/TopDown/Content/AnimStarterPack/ALS/ALS_N_Run_F.uasset" 331
"../../../../../../UnrealProjects/TopDown/Content/AnimStarterPack/ALS/ALS_N_Run_B.uasset" 332
"../../../../../../UnrealProjects/TopDown/Content/AnimStarterPack/BS_Jog.uasset" 333
"../../../Engine/Content/EngineMeshes/Humanoid.uasset" 334
"../../../../../../UnrealProjects/TopDown/Content/MCO_Mocap_Basics/Character/Mesh/UE4_Mannequin_Skeleton.uasset" 335
"../../../../../../UnrealProjects/TopDown/Content/MCO_Mocap_Basics/Animation/Mobility_Pro/Root_Motion/MOB1_Stand_Relaxed_Idle_v2.uasset" 336
"../../../../../../UnrealProjects/TopDown/Content/AnimStarterPack/Crouch_Walk_Rt_Rifle_Hip.uasset" 337
"../../../../../../UnrealProjects/TopDown/Content/AnimStarterPack/Crouch_Walk_Lt_Rifle_Hip.uasset" 338
"../../../../../../UnrealProjects/TopDown/Content/AnimStarterPack/Crouch_Walk_Fwd_Rifle_Hip.uasset" 339
"../../../../../../UnrealProjects/TopDown/Content/AnimStarterPack/Crouch_Walk_Bwd_Rifle_Hip.uasset" 340
"../../../../../../UnrealProjects/TopDown/Content/AnimStarterPack/BS_CrouchWalk.uasset" 341
"../../../../../../UnrealProjects/TopDown/Content/AnimStarterPack/UE4ASP_HeroTPP_AnimBlueprint.uasset" 342
"../../../../../../UnrealProjects/TopDown/Content/AnimStarterPack/BP_Player.uasset" 343
"../../../../../../UnrealProjects/TopDown/Content/Maps/Demo.umap" 344
"../../../Engine/Content/Maps/Entry_BuiltData.uasset" 345
"../../../Engine/Content/Maps/Entry.umap" 346
